<?xml version="1.0" encoding="UTF-8"?>
<testsuite xmlns:xsi="http://www.w3.org/2001/XMLSchema-instance" xsi:noNamespaceSchemaLocation="https://maven.apache.org/surefire/maven-surefire-plugin/xsd/surefire-test-report.xsd" version="3.0.2" name="AuthControllerTest" time="1.53" tests="5" errors="3" skipped="0" failures="0">
  <properties>
[...]
</properties>
  <testcase name="testLoginMissingCredentials" classname="AuthControllerTest" time="1.38">
    <error message="Cannot invoke &quot;org.springframework.security.core.userdetails.UserDetails.getPassword()&quot; because &quot;userDetails&quot; is null" type="java.lang.NullPointerException"><![CDATA[java.lang.NullPointerException: Cannot invoke "org.springframework.security.core.userdetails.UserDetails.getPassword()" because "userDetails" is null
	at com.edu.eci.controller.AuthController.login(AuthController.java:41)
	at AuthControllerTest.testLoginMissingCredentials(AuthControllerTest.java:94)
	at java.base/java.lang.reflect.Method.invoke(Method.java:580)
	at java.base/java.util.ArrayList.forEach(ArrayList.java:1597)
	at java.base/java.util.ArrayList.forEach(ArrayList.java:1597)
]]></error>
    <system-out><![CDATA[Intentando autenticar usuario: testuser
Contraseña ingresada: null
]]></system-out>
    <system-err><![CDATA[Mockito is currently self-attaching to enable the inline-mock-maker. This will no longer work in future releases of the JDK. Please add Mockito as an agent to your build as described in Mockito's documentation: https://javadoc.io/doc/org.mockito/mockito-core/latest/org/mockito/Mockito.html#0.3
WARNING: A Java agent has been loaded dynamically (C:\Users\ricar\.m2\repository\net\bytebuddy\byte-buddy-agent\1.17.1\byte-buddy-agent-1.17.1.jar)
WARNING: If a serviceability tool is in use, please run with -XX:+EnableDynamicAgentLoading to hide this warning
WARNING: If a serviceability tool is not in use, please run with -Djdk.instrument.traceUsage for more information
WARNING: Dynamic loading of agents will be disallowed by default in a future release
]]></system-err>
  </testcase>
  <testcase name="testLoginSuccess" classname="AuthControllerTest" time="0.094">
    <system-out><![CDATA[Intentando autenticar usuario: testuser
Contraseña ingresada: password123
Contraseña almacenada en DB: null
]]></system-out>
  </testcase>
  <testcase name="testLoginUserNotFound" classname="AuthControllerTest" time="0.006">
    <error message="Cannot invoke &quot;org.springframework.security.core.userdetails.UserDetails.getPassword()&quot; because &quot;userDetails&quot; is null" type="java.lang.NullPointerException"><![CDATA[java.lang.NullPointerException: Cannot invoke "org.springframework.security.core.userdetails.UserDetails.getPassword()" because "userDetails" is null
	at com.edu.eci.controller.AuthController.login(AuthController.java:41)
	at AuthControllerTest.testLoginUserNotFound(AuthControllerTest.java:123)
	at java.base/java.lang.reflect.Method.invoke(Method.java:580)
	at java.base/java.util.ArrayList.forEach(ArrayList.java:1597)
	at java.base/java.util.ArrayList.forEach(ArrayList.java:1597)
]]></error>
    <system-out><![CDATA[Intentando autenticar usuario: testuser
Contraseña ingresada: password123
]]></system-out>
  </testcase>
  <testcase name="testLoginNullRequest" classname="AuthControllerTest" time="0.005">
    <error message="Cannot invoke &quot;java.util.Map.get(Object)&quot; because &quot;request&quot; is null" type="java.lang.NullPointerException"><![CDATA[java.lang.NullPointerException: Cannot invoke "java.util.Map.get(Object)" because "request" is null
	at com.edu.eci.controller.AuthController.login(AuthController.java:32)
	at AuthControllerTest.testLoginNullRequest(AuthControllerTest.java:104)
	at java.base/java.lang.reflect.Method.invoke(Method.java:580)
	at java.base/java.util.ArrayList.forEach(ArrayList.java:1597)
	at java.base/java.util.ArrayList.forEach(ArrayList.java:1597)
]]></error>
  </testcase>
  <testcase name="testLoginInvalidCredentials" classname="AuthControllerTest" time="0.008">
    <system-out><![CDATA[Intentando autenticar usuario: testuser
Contraseña ingresada: password123
]]></system-out>
  </testcase>
</testsuite>